2022-07-14 13:19:47 info: =================================
2022-07-14 13:19:47 info: ======= ENV: development =======
2022-07-14 13:19:47 info: 🚀 App listening on the port 3000
2022-07-14 13:19:47 info: =================================
2022-07-14 13:26:23 info: =================================
2022-07-14 13:26:23 info: ======= ENV: development =======
2022-07-14 13:26:23 info: 🚀 App listening on the port 3000
2022-07-14 13:26:23 info: =================================
2022-07-14 13:26:46 info: [0mGET / [32m200[0m 15.239 ms - 2[0m
2022-07-14 13:26:51 info: [0mGET / [36m304[0m 0.923 ms - -[0m
2022-07-14 13:26:56 info: [0mGET / [36m304[0m 0.781 ms - -[0m
2022-07-14 13:26:59 info: [0mGET /docs [33m404[0m 11.850 ms - 143[0m
2022-07-14 13:28:13 info: [0mGET / [36m304[0m 2.069 ms - -[0m
2022-07-14 13:28:18 info: [0mGET / [36m304[0m 0.772 ms - -[0m
2022-07-14 13:28:19 info: [0mGET /docs [33m404[0m 1.522 ms - 143[0m
2022-07-14 13:29:12 info: [0mGET / [36m304[0m 1.640 ms - -[0m
2022-07-14 13:29:14 info: [0mGET /api-docs [36m301[0m 15.088 ms - 183[0m
2022-07-14 13:29:15 info: [0mGET /api-docs/ [32m200[0m 10.405 ms - -[0m
2022-07-14 13:29:45 info: [0mGET /api-docs/ [32m200[0m 1.763 ms - -[0m
2022-07-14 13:29:47 info: [0mGET / [36m304[0m 0.537 ms - -[0m
2022-07-14 13:29:47 info: [0mGET /user_analytics [33m404[0m 0.861 ms - 153[0m
2022-07-14 13:29:48 error: [GET] /users >> StatusCode:: 500, Message:: Unknown database 'dev'
2022-07-14 13:29:48 info: [0mGET /users [31m500[0m 46.777 ms - 36[0m
2022-07-14 13:30:17 error: [GET] /users >> StatusCode:: 500, Message:: Unknown database 'dev'
2022-07-14 13:30:17 info: [0mGET /users [31m500[0m 13.393 ms - 36[0m
2022-07-14 13:30:18 info: [0mGET / [36m304[0m 0.911 ms - -[0m
